#
# There is insufficient memory for the Java Runtime Environment to continue.
# Native memory allocation (malloc) failed to allocate 195456 bytes for Chunk::new
# Possible reasons:
#   The system is out of physical RAM or swap space
#   The process is running with CompressedOops enabled, and the Java Heap may be blocking the growth of the native heap
# Possible solutions:
#   Reduce memory load on the system
#   Increase physical memory or swap space
#   Check if swap backing store is full
#   Decrease Java heap size (-Xmx/-Xms)
#   Decrease number of Java threads
#   Decrease Java thread stack sizes (-Xss)
#   Set larger code cache with -XX:ReservedCodeCacheSize=
#   JVM is running with Unscaled Compressed Oops mode in which the Java heap is
#     placed in the first 4GB address space. The Java Heap base address is the
#     maximum limit for the native heap growth. Please use -XX:HeapBaseMinAddress
#     to set the Java Heap base and to place the Java Heap above 4GB virtual address.
# This output file may be truncated or incomplete.
#
#  Out of Memory Error (arena.cpp:195), pid=9920, tid=18636
#
# JRE version: OpenJDK Runtime Environment Corretto-16.0.2.7.1 (16.0.2+7) (build 16.0.2+7)
# Java VM: OpenJDK 64-Bit Server VM Corretto-16.0.2.7.1 (16.0.2+7, mixed mode, sharing, tiered, compressed oops, compressed class ptrs, g1 gc, windows-amd64)
# No core dump will be written. Minidumps are not enabled by default on client versions of Windows
#

---------------  S U M M A R Y ------------

Command Line: -javaagent:C:\Program Files\JetBrains\IntelliJ IDEA Community Edition 2022.1\lib\idea_rt.jar=57814:C:\Program Files\JetBrains\IntelliJ IDEA Community Edition 2022.1\bin -Dfile.encoding=UTF-8 com.exam.ExamPortalApplication

Host: Intel(R) Core(TM) i5-8250U CPU @ 1.60GHz, 8 cores, 7G,  Windows 10 , 64 bit Build 19041 (10.0.19041.1645)
Time: Wed Apr 27 22:47:36 2022 India Standard Time elapsed time: 17.626834 seconds (0d 0h 0m 17s)

---------------  T H R E A D  ---------------

Current thread (0x0000021cbedad5c0):  JavaThread "C2 CompilerThread0" daemon [_thread_in_native, id=18636, stack(0x0000006288100000,0x0000006288200000)]


Current CompileTask:
C2:  17626 2632       4       java.util.HashMap::putVal (300 bytes)

Stack: [0x0000006288100000,0x0000006288200000]
Native frames: (J=compiled Java code, j=interpreted, Vv=VM code, C=native code)
V  [jvm.dll+0x647e0a]
V  [jvm.dll+0x7f0549]
V  [jvm.dll+0x7f1cfe]
V  [jvm.dll+0x7f2343]
V  [jvm.dll+0x23dd88]
V  [jvm.dll+0xc879a]
V  [jvm.dll+0xc8d4c]
V  [jvm.dll+0x29fbb2]
V  [jvm.dll+0x557f02]
V  [jvm.dll+0x218e28]
V  [jvm.dll+0x21209e]
V  [jvm.dll+0x20fe07]
V  [jvm.dll+0x1a0d9b]
V  [jvm.dll+0x21f909]
V  [jvm.dll+0x21da9b]
V  [jvm.dll+0x7a8662]
V  [jvm.dll+0x7a223a]
V  [jvm.dll+0x646c46]
C  [ucrtbase.dll+0x21bb2]
C  [KERNEL32.DLL+0x17034]
C  [ntdll.dll+0x52651]


---------------  P R O C E S S  ---------------

Threads class SMR info:
_java_thread_list=0x0000021cc0d08ba0, length=13, elements={
0x0000021c9fb511c0, 0x0000021cbed8e3c0, 0x0000021cbed8f190, 0x0000021cbed9a110,
0x0000021cbed9de40, 0x0000021cbeda0b60, 0x0000021cbeda1470, 0x0000021cbedad5c0,
0x0000021cbedadfc0, 0x0000021cbedb2930, 0x0000021cbf8b6300, 0x0000021cbfb33270,
0x0000021cbfb33790
}

Java Threads: ( => current thread )
  0x0000021c9fb511c0 JavaThread "main" [_thread_in_vm, id=11668, stack(0x0000006287400000,0x0000006287500000)]
  0x0000021cbed8e3c0 JavaThread "Reference Handler" daemon [_thread_blocked, id=7432, stack(0x0000006287b00000,0x0000006287c00000)]
  0x0000021cbed8f190 JavaThread "Finalizer" daemon [_thread_blocked, id=17588, stack(0x0000006287c00000,0x0000006287d00000)]
  0x0000021cbed9a110 JavaThread "Signal Dispatcher" daemon [_thread_blocked, id=13052, stack(0x0000006287d00000,0x0000006287e00000)]
  0x0000021cbed9de40 JavaThread "Attach Listener" daemon [_thread_blocked, id=14964, stack(0x0000006287e00000,0x0000006287f00000)]
  0x0000021cbeda0b60 JavaThread "Service Thread" daemon [_thread_blocked, id=12072, stack(0x0000006287f00000,0x0000006288000000)]
  0x0000021cbeda1470 JavaThread "Monitor Deflation Thread" daemon [_thread_blocked, id=11220, stack(0x0000006288000000,0x0000006288100000)]
=>0x0000021cbedad5c0 JavaThread "C2 CompilerThread0" daemon [_thread_in_native, id=18636, stack(0x0000006288100000,0x0000006288200000)]
  0x0000021cbedadfc0 JavaThread "C1 CompilerThread0" daemon [_thread_blocked, id=15648, stack(0x0000006288200000,0x0000006288300000)]
  0x0000021cbedb2930 JavaThread "Sweeper thread" daemon [_thread_blocked, id=19144, stack(0x0000006288300000,0x0000006288400000)]
  0x0000021cbf8b6300 JavaThread "Common-Cleaner" daemon [_thread_blocked, id=16968, stack(0x0000006288400000,0x0000006288500000)]
  0x0000021cbfb33270 JavaThread "Monitor Ctrl-Break" daemon [_thread_in_native, id=13512, stack(0x0000006288500000,0x0000006288600000)]
  0x0000021cbfb33790 JavaThread "Notification Thread" daemon [_thread_blocked, id=16504, stack(0x0000006288600000,0x0000006288700000)]

Other Threads:
  0x0000021cbed88850 VMThread "VM Thread" [stack: 0x0000006287a00000,0x0000006287b00000] [id=9872] _threads_hazard_ptr=0x0000021cc0d08ba0
  0x0000021cbfafa3c0 WatcherThread [stack: 0x0000006288700000,0x0000006288800000] [id=13948]
  0x0000021c9fb94030 GCTaskThread "GC Thread#0" [stack: 0x0000006287500000,0x0000006287600000] [id=7860]
  0x0000021cbf8a7b50 GCTaskThread "GC Thread#1" [stack: 0x0000006288800000,0x0000006288900000] [id=14956]
  0x0000021cbf8a7e60 GCTaskThread "GC Thread#2" [stack: 0x0000006288900000,0x0000006288a00000] [id=18740]
  0x0000021cc026c850 GCTaskThread "GC Thread#3" [stack: 0x0000006288a00000,0x0000006288b00000] [id=10760]
  0x0000021cbf8957b0 GCTaskThread "GC Thread#4" [stack: 0x0000006288b00000,0x0000006288c00000] [id=1392]
  0x0000021cc026b030 GCTaskThread "GC Thread#5" [stack: 0x0000006288c00000,0x0000006288d00000] [id=13704]
  0x0000021cc026b340 GCTaskThread "GC Thread#6" [stack: 0x0000006288d00000,0x0000006288e00000] [id=15568]
  0x0000021cc08d0050 GCTaskThread "GC Thread#7" [stack: 0x0000006288f00000,0x0000006289000000] [id=1496]
  0x0000021c9fba5c10 ConcurrentGCThread "G1 Main Marker" [stack: 0x0000006287600000,0x0000006287700000] [id=6856]
  0x0000021c9fba6dd0 ConcurrentGCThread "G1 Conc#0" [stack: 0x0000006287700000,0x0000006287800000] [id=1316]
  0x0000021cbec440e0 ConcurrentGCThread "G1 Refine#0" [stack: 0x0000006287800000,0x0000006287900000] [id=18256]
  0x0000021cc01db990 ConcurrentGCThread "G1 Refine#1" [stack: 0x0000006288e00000,0x0000006288f00000] [id=10936]
  0x0000021cbec44a70 ConcurrentGCThread "G1 Service" [stack: 0x0000006287900000,0x0000006287a00000] [id=19036]

Threads with active compile tasks:
C2 CompilerThread0    18247 2632       4       java.util.HashMap::putVal (300 bytes)

VM state: synchronizing (normal execution)

VM Mutex/Monitor currently owned by a thread:  ([mutex/lock_event])
[0x0000021c9d98ace0] MetaspaceExpand_lock - owner thread: 0x0000021c9fb511c0
[0x0000021c9fb4c1f0] Threads_lock - owner thread: 0x0000021cbed88850

Heap address: 0x0000000081c00000, size: 2020 MB, Compressed Oops mode: 32-bit

CDS archive(s) mapped at: [0x0000000800000000-0x0000000800be0000-0x0000000800be0000), size 12451840, SharedBaseAddress: 0x0000000800000000, ArchiveRelocationMode: 0.
Compressed class space mapped at: 0x0000000800c00000-0x0000000840c00000, reserved size: 1073741824
Narrow klass base: 0x0000000800000000, Narrow klass shift: 3, Narrow klass range: 0x100000000

GC Precious Log:
 CPUs: 8 total, 8 available
 Memory: 8078M
 Large Page Support: Disabled
 NUMA Support: Disabled
 Compressed Oops: Enabled (32-bit)
 Heap Region Size: 1M
 Heap Min Capacity: 8M
 Heap Initial Capacity: 128M
 Heap Max Capacity: 2020M
 Pre-touch: Disabled
 Parallel Workers: 8
 Concurrent Workers: 2
 Concurrent Refinement Workers: 8
 Periodic GC: Disabled

Heap:
 garbage-first heap   total 131072K, used 16783K [0x0000000081c00000, 0x0000000100000000)
  region size 1024K, 11 young (11264K), 4 survivors (4096K)
 Metaspace       used 18809K, committed 19008K, reserved 1073152K
  class space    used 2208K, committed 2304K, reserved 1048576K

Heap Regions: E=young(eden), S=young(survivor), O=old, HS=humongous(starts), HC=humongous(continues), CS=collection set, F=free, OA=open archive, CA=closed archive, TAMS=top-at-mark-start (previous, next)
|   0|0x0000000081c00000, 0x0000000081d00000, 0x0000000081d00000|100%|HS|  |TAMS 0x0000000081c00000, 0x0000000081c00000| Complete 
|   1|0x0000000081d00000, 0x0000000081e00000, 0x0000000081e00000|100%| O|  |TAMS 0x0000000081d00000, 0x0000000081d00000| Untracked 
|   2|0x0000000081e00000, 0x0000000081f00000, 0x0000000081f00000|100%| O|  |TAMS 0x0000000081e00000, 0x0000000081e00000| Untracked 
|   3|0x0000000081f00000, 0x0000000082000000, 0x0000000082000000|100%| O|  |TAMS 0x0000000081f00000, 0x0000000081f00000| Untracked 
|   4|0x0000000082000000, 0x0000000082100000, 0x0000000082100000|100%| O|  |TAMS 0x0000000082000000, 0x0000000082000000| Untracked 
|   5|0x0000000082100000, 0x0000000082200000, 0x0000000082200000|100%| O|  |TAMS 0x0000000082100000, 0x0000000082100000| Untracked 
|   6|0x0000000082200000, 0x00000000822c1a00, 0x0000000082300000| 75%| O|  |TAMS 0x0000000082200000, 0x0000000082200000| Untracked 
|   7|0x0000000082300000, 0x0000000082300000, 0x0000000082400000|  0%| F|  |TAMS 0x0000000082300000, 0x0000000082300000| Untracked 
|   8|0x0000000082400000, 0x0000000082400000, 0x0000000082500000|  0%| F|  |TAMS 0x0000000082400000, 0x0000000082400000| Untracked 
|   9|0x0000000082500000, 0x0000000082500000, 0x0000000082600000|  0%| F|  |TAMS 0x0000000082500000, 0x0000000082500000| Untracked 
|  10|0x0000000082600000, 0x0000000082600000, 0x0000000082700000|  0%| F|  |TAMS 0x0000000082600000, 0x0000000082600000| Untracked 
|  11|0x0000000082700000, 0x0000000082700000, 0x0000000082800000|  0%| F|  |TAMS 0x0000000082700000, 0x0000000082700000| Untracked 
|  12|0x0000000082800000, 0x0000000082800000, 0x0000000082900000|  0%| F|  |TAMS 0x0000000082800000, 0x0000000082800000| Untracked 
|  13|0x0000000082900000, 0x0000000082900000, 0x0000000082a00000|  0%| F|  |TAMS 0x0000000082900000, 0x0000000082900000| Untracked 
|  14|0x0000000082a00000, 0x0000000082a00000, 0x0000000082b00000|  0%| F|  |TAMS 0x0000000082a00000, 0x0000000082a00000| Untracked 
|  15|0x0000000082b00000, 0x0000000082b00000, 0x0000000082c00000|  0%| F|  |TAMS 0x0000000082b00000, 0x0000000082b00000| Untracked 
|  16|0x0000000082c00000, 0x0000000082c00000, 0x0000000082d00000|  0%| F|  |TAMS 0x0000000082c00000, 0x0000000082c00000| Untracked 
|  17|0x0000000082d00000, 0x0000000082d00000, 0x0000000082e00000|  0%| F|  |TAMS 0x0000000082d00000, 0x0000000082d00000| Untracked 
|  18|0x0000000082e00000, 0x0000000082e00000, 0x0000000082f00000|  0%| F|  |TAMS 0x0000000082e00000, 0x0000000082e00000| Untracked 
|  19|0x0000000082f00000, 0x0000000082f00000, 0x0000000083000000|  0%| F|  |TAMS 0x0000000082f00000, 0x0000000082f00000| Untracked 
|  20|0x0000000083000000, 0x0000000083000000, 0x0000000083100000|  0%| F|  |TAMS 0x0000000083000000, 0x0000000083000000| Untracked 
|  21|0x0000000083100000, 0x0000000083100000, 0x0000000083200000|  0%| F|  |TAMS 0x0000000083100000, 0x0000000083100000| Untracked 
|  22|0x0000000083200000, 0x0000000083200000, 0x0000000083300000|  0%| F|  |TAMS 0x0000000083200000, 0x0000000083200000| Untracked 
|  23|0x0000000083300000, 0x0000000083300000, 0x0000000083400000|  0%| F|  |TAMS 0x0000000083300000, 0x0000000083300000| Untracked 
|  24|0x0000000083400000, 0x0000000083400000, 0x0000000083500000|  0%| F|  |TAMS 0x0000000083400000, 0x0000000083400000| Untracked 
|  25|0x0000000083500000, 0x0000000083500000, 0x0000000083600000|  0%| F|  |TAMS 0x0000000083500000, 0x0000000083500000| Untracked 
|  26|0x0000000083600000, 0x0000000083600000, 0x0000000083700000|  0%| F|  |TAMS 0x0000000083600000, 0x0000000083600000| Untracked 
|  27|0x0000000083700000, 0x0000000083700000, 0x0000000083800000|  0%| F|  |TAMS 0x0000000083700000, 0x0000000083700000| Untracked 
|  28|0x0000000083800000, 0x0000000083800000, 0x0000000083900000|  0%| F|  |TAMS 0x0000000083800000, 0x0000000083800000| Untracked 
|  29|0x0000000083900000, 0x0000000083900000, 0x0000000083a00000|  0%| F|  |TAMS 0x0000000083900000, 0x0000000083900000| Untracked 
|  30|0x0000000083a00000, 0x0000000083a00000, 0x0000000083b00000|  0%| F|  |TAMS 0x0000000083a00000, 0x0000000083a00000| Untracked 
|  31|0x0000000083b00000, 0x0000000083b00000, 0x0000000083c00000|  0%| F|  |TAMS 0x0000000083b00000, 0x0000000083b00000| Untracked 
|  32|0x0000000083c00000, 0x0000000083c00000, 0x0000000083d00000|  0%| F|  |TAMS 0x0000000083c00000, 0x0000000083c00000| Untracked 
|  33|0x0000000083d00000, 0x0000000083d00000, 0x0000000083e00000|  0%| F|  |TAMS 0x0000000083d00000, 0x0000000083d00000| Untracked 
|  34|0x0000000083e00000, 0x0000000083e00000, 0x0000000083f00000|  0%| F|  |TAMS 0x0000000083e00000, 0x0000000083e00000| Untracked 
|  35|0x0000000083f00000, 0x0000000083f00000, 0x0000000084000000|  0%| F|  |TAMS 0x0000000083f00000, 0x0000000083f00000| Untracked 
|  36|0x0000000084000000, 0x0000000084000000, 0x0000000084100000|  0%| F|  |TAMS 0x0000000084000000, 0x0000000084000000| Untracked 
|  37|0x0000000084100000, 0x0000000084100000, 0x0000000084200000|  0%| F|  |TAMS 0x0000000084100000, 0x0000000084100000| Untracked 
|  38|0x0000000084200000, 0x0000000084200000, 0x0000000084300000|  0%| F|  |TAMS 0x0000000084200000, 0x0000000084200000| Untracked 
|  39|0x0000000084300000, 0x0000000084300000, 0x0000000084400000|  0%| F|  |TAMS 0x0000000084300000, 0x0000000084300000| Untracked 
|  40|0x0000000084400000, 0x0000000084400000, 0x0000000084500000|  0%| F|  |TAMS 0x0000000084400000, 0x0000000084400000| Untracked 
|  41|0x0000000084500000, 0x0000000084500000, 0x0000000084600000|  0%| F|  |TAMS 0x0000000084500000, 0x0000000084500000| Untracked 
|  42|0x0000000084600000, 0x0000000084600000, 0x0000000084700000|  0%| F|  |TAMS 0x0000000084600000, 0x0000000084600000| Untracked 
|  43|0x0000000084700000, 0x0000000084700000, 0x0000000084800000|  0%| F|  |TAMS 0x0000000084700000, 0x0000000084700000| Untracked 
|  44|0x0000000084800000, 0x0000000084800000, 0x0000000084900000|  0%| F|  |TAMS 0x0000000084800000, 0x0000000084800000| Untracked 
|  45|0x0000000084900000, 0x0000000084900000, 0x0000000084a00000|  0%| F|  |TAMS 0x0000000084900000, 0x0000000084900000| Untracked 
|  46|0x0000000084a00000, 0x0000000084a00000, 0x0000000084b00000|  0%| F|  |TAMS 0x0000000084a00000, 0x0000000084a00000| Untracked 
|  47|0x0000000084b00000, 0x0000000084b00000, 0x0000000084c00000|  0%| F|  |TAMS 0x0000000084b00000, 0x0000000084b00000| Untracked 
|  48|0x0000000084c00000, 0x0000000084ca2568, 0x0000000084d00000| 63%| S|CS|TAMS 0x0000000084c00000, 0x0000000084c00000| Complete 
|  49|0x0000000084d00000, 0x0000000084e00000, 0x0000000084e00000|100%| S|CS|TAMS 0x0000000084d00000, 0x0000000084d00000| Complete 
|  50|0x0000000084e00000, 0x0000000084f00000, 0x0000000084f00000|100%| S|CS|TAMS 0x0000000084e00000, 0x0000000084e00000| Complete 
|  51|0x0000000084f00000, 0x0000000085000000, 0x0000000085000000|100%| S|CS|TAMS 0x0000000084f00000, 0x0000000084f00000| Complete 
|  52|0x0000000085000000, 0x0000000085000000, 0x0000000085100000|  0%| F|  |TAMS 0x0000000085000000, 0x0000000085000000| Untracked 
|  53|0x0000000085100000, 0x0000000085100000, 0x0000000085200000|  0%| F|  |TAMS 0x0000000085100000, 0x0000000085100000| Untracked 
|  54|0x0000000085200000, 0x0000000085200000, 0x0000000085300000|  0%| F|  |TAMS 0x0000000085200000, 0x0000000085200000| Untracked 
|  55|0x0000000085300000, 0x0000000085300000, 0x0000000085400000|  0%| F|  |TAMS 0x0000000085300000, 0x0000000085300000| Untracked 
|  56|0x0000000085400000, 0x0000000085400000, 0x0000000085500000|  0%| F|  |TAMS 0x0000000085400000, 0x0000000085400000| Untracked 
|  57|0x0000000085500000, 0x0000000085500000, 0x0000000085600000|  0%| F|  |TAMS 0x0000000085500000, 0x0000000085500000| Untracked 
|  58|0x0000000085600000, 0x0000000085600000, 0x0000000085700000|  0%| F|  |TAMS 0x0000000085600000, 0x0000000085600000| Untracked 
|  59|0x0000000085700000, 0x0000000085700000, 0x0000000085800000|  0%| F|  |TAMS 0x0000000085700000, 0x0000000085700000| Untracked 
|  60|0x0000000085800000, 0x0000000085800000, 0x0000000085900000|  0%| F|  |TAMS 0x0000000085800000, 0x0000000085800000| Untracked 
|  61|0x0000000085900000, 0x0000000085900000, 0x0000000085a00000|  0%| F|  |TAMS 0x0000000085900000, 0x0000000085900000| Untracked 
|  62|0x0000000085a00000, 0x0000000085a00000, 0x0000000085b00000|  0%| F|  |TAMS 0x0000000085a00000, 0x0000000085a00000| Untracked 
|  63|0x0000000085b00000, 0x0000000085b00000, 0x0000000085c00000|  0%| F|  |TAMS 0x0000000085b00000, 0x0000000085b00000| Untracked 
|  64|0x0000000085c00000, 0x0000000085c00000, 0x0000000085d00000|  0%| F|  |TAMS 0x0000000085c00000, 0x0000000085c00000| Untracked 
|  65|0x0000000085d00000, 0x0000000085d00000, 0x0000000085e00000|  0%| F|  |TAMS 0x0000000085d00000, 0x0000000085d00000| Untracked 
|  66|0x0000000085e00000, 0x0000000085e00000, 0x0000000085f00000|  0%| F|  |TAMS 0x0000000085e00000, 0x0000000085e00000| Untracked 
|  67|0x0000000085f00000, 0x0000000085f00000, 0x0000000086000000|  0%| F|  |TAMS 0x0000000085f00000, 0x0000000085f00000| Untracked 
|  68|0x0000000086000000, 0x0000000086000000, 0x0000000086100000|  0%| F|  |TAMS 0x0000000086000000, 0x0000000086000000| Untracked 
|  69|0x0000000086100000, 0x0000000086100000, 0x0000000086200000|  0%| F|  |TAMS 0x0000000086100000, 0x0000000086100000| Untracked 
|  70|0x0000000086200000, 0x0000000086200000, 0x0000000086300000|  0%| F|  |TAMS 0x0000000086200000, 0x0000000086200000| Untracked 
|  71|0x0000000086300000, 0x0000000086300000, 0x0000000086400000|  0%| F|  |TAMS 0x0000000086300000, 0x0000000086300000| Untracked 
|  72|0x0000000086400000, 0x0000000086400000, 0x0000000086500000|  0%| F|  |TAMS 0x0000000086400000, 0x0000000086400000| Untracked 
|  73|0x0000000086500000, 0x0000000086500000, 0x0000000086600000|  0%| F|  |TAMS 0x0000000086500000, 0x0000000086500000| Untracked 
|  74|0x0000000086600000, 0x0000000086600000, 0x0000000086700000|  0%| F|  |TAMS 0x0000000086600000, 0x0000000086600000| Untracked 
|  75|0x0000000086700000, 0x0000000086700000, 0x0000000086800000|  0%| F|  |TAMS 0x0000000086700000, 0x0000000086700000| Untracked 
|  76|0x0000000086800000, 0x0000000086800000, 0x0000000086900000|  0%| F|  |TAMS 0x0000000086800000, 0x0000000086800000| Untracked 
|  77|0x0000000086900000, 0x0000000086900000, 0x0000000086a00000|  0%| F|  |TAMS 0x0000000086900000, 0x0000000086900000| Untracked 
|  78|0x0000000086a00000, 0x0000000086a00000, 0x0000000086b00000|  0%| F|  |TAMS 0x0000000086a00000, 0x0000000086a00000| Untracked 
|  79|0x0000000086b00000, 0x0000000086b00000, 0x0000000086c00000|  0%| F|  |TAMS 0x0000000086b00000, 0x0000000086b00000| Untracked 
|  80|0x0000000086c00000, 0x0000000086c00000, 0x0000000086d00000|  0%| F|  |TAMS 0x0000000086c00000, 0x0000000086c00000| Untracked 
|  81|0x0000000086d00000, 0x0000000086d00000, 0x0000000086e00000|  0%| F|  |TAMS 0x0000000086d00000, 0x0000000086d00000| Untracked 
|  82|0x0000000086e00000, 0x0000000086e00000, 0x0000000086f00000|  0%| F|  |TAMS 0x0000000086e00000, 0x0000000086e00000| Untracked 
|  83|0x0000000086f00000, 0x0000000086f00000, 0x0000000087000000|  0%| F|  |TAMS 0x0000000086f00000, 0x0000000086f00000| Untracked 
|  84|0x0000000087000000, 0x0000000087000000, 0x0000000087100000|  0%| F|  |TAMS 0x0000000087000000, 0x0000000087000000| Untracked 
|  85|0x0000000087100000, 0x0000000087100000, 0x0000000087200000|  0%| F|  |TAMS 0x0000000087100000, 0x0000000087100000| Untracked 
|  86|0x0000000087200000, 0x0000000087200000, 0x0000000087300000|  0%| F|  |TAMS 0x0000000087200000, 0x0000000087200000| Untracked 
|  87|0x0000000087300000, 0x0000000087300000, 0x0000000087400000|  0%| F|  |TAMS 0x0000000087300000, 0x0000000087300000| Untracked 
|  88|0x0000000087400000, 0x0000000087400000, 0x0000000087500000|  0%| F|  |TAMS 0x0000000087400000, 0x0000000087400000| Untracked 
|  89|0x0000000087500000, 0x0000000087500000, 0x0000000087600000|  0%| F|  |TAMS 0x0000000087500000, 0x0000000087500000| Untracked 
|  90|0x0000000087600000, 0x0000000087600000, 0x0000000087700000|  0%| F|  |TAMS 0x0000000087600000, 0x0000000087600000| Untracked 
|  91|0x0000000087700000, 0x0000000087700000, 0x0000000087800000|  0%| F|  |TAMS 0x0000000087700000, 0x0000000087700000| Untracked 
|  92|0x0000000087800000, 0x0000000087800000, 0x0000000087900000|  0%| F|  |TAMS 0x0000000087800000, 0x0000000087800000| Untracked 
|  93|0x0000000087900000, 0x0000000087900000, 0x0000000087a00000|  0%| F|  |TAMS 0x0000000087900000, 0x0000000087900000| Untracked 
|  94|0x0000000087a00000, 0x0000000087a00000, 0x0000000087b00000|  0%| F|  |TAMS 0x0000000087a00000, 0x0000000087a00000| Untracked 
|  95|0x0000000087b00000, 0x0000000087b00000, 0x0000000087c00000|  0%| F|  |TAMS 0x0000000087b00000, 0x0000000087b00000| Untracked 
|  96|0x0000000087c00000, 0x0000000087c00000, 0x0000000087d00000|  0%| F|  |TAMS 0x0000000087c00000, 0x0000000087c00000| Untracked 
|  97|0x0000000087d00000, 0x0000000087d00000, 0x0000000087e00000|  0%| F|  |TAMS 0x0000000087d00000, 0x0000000087d00000| Untracked 
|  98|0x0000000087e00000, 0x0000000087e00000, 0x0000000087f00000|  0%| F|  |TAMS 0x0000000087e00000, 0x0000000087e00000| Untracked 
|  99|0x0000000087f00000, 0x0000000087f00000, 0x0000000088000000|  0%| F|  |TAMS 0x0000000087f00000, 0x0000000087f00000| Untracked 
| 100|0x0000000088000000, 0x0000000088000000, 0x0000000088100000|  0%| F|  |TAMS 0x0000000088000000, 0x0000000088000000| Untracked 
| 101|0x0000000088100000, 0x0000000088100000, 0x0000000088200000|  0%| F|  |TAMS 0x0000000088100000, 0x0000000088100000| Untracked 
| 102|0x0000000088200000, 0x0000000088200000, 0x0000000088300000|  0%| F|  |TAMS 0x0000000088200000, 0x0000000088200000| Untracked 
| 103|0x0000000088300000, 0x0000000088300000, 0x0000000088400000|  0%| F|  |TAMS 0x0000000088300000, 0x0000000088300000| Untracked 
| 104|0x0000000088400000, 0x0000000088400000, 0x0000000088500000|  0%| F|  |TAMS 0x0000000088400000, 0x0000000088400000| Untracked 
| 105|0x0000000088500000, 0x0000000088500000, 0x0000000088600000|  0%| F|  |TAMS 0x0000000088500000, 0x0000000088500000| Untracked 
| 106|0x0000000088600000, 0x0000000088600000, 0x0000000088700000|  0%| F|  |TAMS 0x0000000088600000, 0x0000000088600000| Untracked 
| 107|0x0000000088700000, 0x0000000088700000, 0x0000000088800000|  0%| F|  |TAMS 0x0000000088700000, 0x0000000088700000| Untracked 
| 108|0x0000000088800000, 0x0000000088800000, 0x0000000088900000|  0%| F|  |TAMS 0x0000000088800000, 0x0000000088800000| Untracked 
| 109|0x0000000088900000, 0x0000000088900000, 0x0000000088a00000|  0%| F|  |TAMS 0x0000000088900000, 0x0000000088900000| Untracked 
| 110|0x0000000088a00000, 0x0000000088a00000, 0x0000000088b00000|  0%| F|  |TAMS 0x0000000088a00000, 0x0000000088a00000| Untracked 
| 111|0x0000000088b00000, 0x0000000088b00000, 0x0000000088c00000|  0%| F|  |TAMS 0x0000000088b00000, 0x0000000088b00000| Untracked 
| 112|0x0000000088c00000, 0x0000000088c00000, 0x0000000088d00000|  0%| F|  |TAMS 0x0000000088c00000, 0x0000000088c00000| Untracked 
| 113|0x0000000088d00000, 0x0000000088d00000, 0x0000000088e00000|  0%| F|  |TAMS 0x0000000088d00000, 0x0000000088d00000| Untracked 
| 114|0x0000000088e00000, 0x0000000088e00000, 0x0000000088f00000|  0%| F|  |TAMS 0x0000000088e00000, 0x0000000088e00000| Untracked 
| 115|0x0000000088f00000, 0x0000000088f00000, 0x0000000089000000|  0%| F|  |TAMS 0x0000000088f00000, 0x0000000088f00000| Untracked 
| 116|0x0000000089000000, 0x0000000089000000, 0x0000000089100000|  0%| F|  |TAMS 0x0000000089000000, 0x0000000089000000| Untracked 
| 117|0x0000000089100000, 0x0000000089100000, 0x0000000089200000|  0%| F|  |TAMS 0x0000000089100000, 0x0000000089100000| Untracked 
| 118|0x0000000089200000, 0x0000000089200000, 0x0000000089300000|  0%| F|  |TAMS 0x0000000089200000, 0x0000000089200000| Untracked 
| 119|0x0000000089300000, 0x0000000089300000, 0x0000000089400000|  0%| F|  |TAMS 0x0000000089300000, 0x0000000089300000| Untracked 
| 120|0x0000000089400000, 0x0000000089400000, 0x0000000089500000|  0%| F|  |TAMS 0x0000000089400000, 0x0000000089400000| Untracked 
| 121|0x0000000089500000, 0x0000000089600000, 0x0000000089600000|100%| E|  |TAMS 0x0000000089500000, 0x0000000089500000| Complete 
| 122|0x0000000089600000, 0x0000000089700000, 0x0000000089700000|100%| E|CS|TAMS 0x0000000089600000, 0x0000000089600000| Complete 
| 123|0x0000000089700000, 0x0000000089800000, 0x0000000089800000|100%| E|CS|TAMS 0x0000000089700000, 0x0000000089700000| Complete 
| 124|0x0000000089800000, 0x0000000089900000, 0x0000000089900000|100%| E|CS|TAMS 0x0000000089800000, 0x0000000089800000| Complete 
| 125|0x0000000089900000, 0x0000000089a00000, 0x0000000089a00000|100%| E|CS|TAMS 0x0000000089900000, 0x0000000089900000| Complete 
| 126|0x0000000089a00000, 0x0000000089b00000, 0x0000000089b00000|100%| E|CS|TAMS 0x0000000089a00000, 0x0000000089a00000| Complete 
| 127|0x0000000089b00000, 0x0000000089c00000, 0x0000000089c00000|100%| E|CS|TAMS 0x0000000089b00000, 0x0000000089b00000| Complete 

Card table byte_map: [0x0000021cb7c50000,0x0000021cb8050000] _byte_map_base: 0x0000021cb7842000

Marking Bits (Prev, Next): (CMBitMap*) 0x0000021c9fb945b0, (CMBitMap*) 0x0000021c9fb945f0
 Prev Bits: [0x0000021cb8450000, 0x0000021cba3e0000)
 Next Bits: [0x0000021cba3e0000, 0x0000021cbc370000)

Polling page: 0x0000021c9daa0000

Metaspace:

Usage:
  Non-class:     16.21 MB used.
      Class:      2.16 MB used.
       Both:     18.37 MB used.

Virtual space:
  Non-class space:       24.00 MB reserved,      16.31 MB ( 68%) committed,  3 nodes.
      Class space:        1.00 GB reserved,       2.25 MB ( <1%) committed,  1 nodes.
              Both:        1.02 GB reserved,      18.56 MB (  2%) committed. 

Chunk freelists:
   Non-Class:  3.30 MB
       Class:  1.70 MB
        Both:  5.00 MB

MaxMetaspaceSize: 17179869184.00 GB
CompressedClassSpaceSize: 1.00 GB
 - commit_granule_bytes: 65536.
 - commit_granule_words: 8192.
 - virtual_space_node_default_size: 1048576.
 - enlarge_chunks_in_place: 1.
 - new_chunks_are_fully_committed: 0.
 - uncommit_free_chunks: 1.
 - use_allocation_guard: 0.
 - handle_deallocations: 1.


Internal statistics:

num_allocs_failed_limit: 0.
num_arena_births: 218.
num_arena_deaths: 0.
num_vsnodes_births: 4.
num_vsnodes_deaths: 0.
num_space_committed: 297.
num_space_uncommitted: 0.
num_chunks_returned_to_freelist: 0.
num_chunks_taken_from_freelist: 868.
num_chunk_merges: 0.
num_chunk_splits: 569.
num_chunks_enlarged: 441.
num_purges: 0.

CodeHeap 'non-profiled nmethods': size=120000Kb used=1234Kb max_used=1234Kb free=118765Kb
 bounds [0x0000021cafff0000, 0x0000021cb0260000, 0x0000021cb7520000]
CodeHeap 'profiled nmethods': size=120000Kb used=5316Kb max_used=5316Kb free=114683Kb
 bounds [0x0000021ca8ac0000, 0x0000021ca9000000, 0x0000021cafff0000]
CodeHeap 'non-nmethods': size=5760Kb used=1206Kb max_used=1254Kb free=4553Kb
 bounds [0x0000021ca8520000, 0x0000021ca8790000, 0x0000021ca8ac0000]
 total_blobs=3142 nmethods=2644 adapters=409
 compilation: enabled
              stopped_count=0, restarted_count=0
 full_count=0

Compilation events (20 events):
Event: 17.156 Thread 0x0000021cbedadfc0 2637       1       org.springframework.beans.factory.support.AbstractBeanDefinition::setRole (6 bytes)
Event: 17.156 Thread 0x0000021cbedadfc0 nmethod 2637 0x0000021cb0123410 code [0x0000021cb01235a0, 0x0000021cb0123678]
Event: 17.156 Thread 0x0000021cbedadfc0 2639       1       org.springframework.beans.factory.support.AbstractBeanDefinition::setDependencyCheck (6 bytes)
Event: 17.156 Thread 0x0000021cbedadfc0 nmethod 2639 0x0000021cb0123710 code [0x0000021cb01238a0, 0x0000021cb0123978]
Event: 17.157 Thread 0x0000021cbedadfc0 2640       1       org.springframework.beans.factory.support.AbstractBeanDefinition::setInitMethodName (6 bytes)
Event: 17.157 Thread 0x0000021cbedadfc0 nmethod 2640 0x0000021cb0123a10 code [0x0000021cb0123ba0, 0x0000021cb0123cb8]
Event: 17.157 Thread 0x0000021cbedadfc0 2641       1       org.springframework.beans.factory.support.AbstractBeanDefinition::setEnforceInitMethod (6 bytes)
Event: 17.157 Thread 0x0000021cbedadfc0 nmethod 2641 0x0000021cb0123d10 code [0x0000021cb0123ea0, 0x0000021cb0123f78]
Event: 17.157 Thread 0x0000021cbedadfc0 2642       1       org.springframework.beans.factory.support.AbstractBeanDefinition::setEnforceDestroyMethod (6 bytes)
Event: 17.157 Thread 0x0000021cbedadfc0 nmethod 2642 0x0000021cb0124010 code [0x0000021cb01241a0, 0x0000021cb0124278]
Event: 17.157 Thread 0x0000021cbedadfc0 2643       1       org.springframework.beans.BeanMetadataAttributeAccessor::getSource (5 bytes)
Event: 17.157 Thread 0x0000021cbedadfc0 nmethod 2643 0x0000021cb0124310 code [0x0000021cb01244a0, 0x0000021cb0124578]
Event: 17.158 Thread 0x0000021cbedadfc0 2644       3       org.springframework.core.ResolvableType$1::getGenerics (4 bytes)
Event: 17.159 Thread 0x0000021cbedadfc0 nmethod 2644 0x0000021ca8ff0590 code [0x0000021ca8ff0740, 0x0000021ca8ff08b8]
Event: 17.159 Thread 0x0000021cbedadfc0 2645       3       org.springframework.core.ResolvableType::access$100 (4 bytes)
Event: 17.159 Thread 0x0000021cbedadfc0 nmethod 2645 0x0000021ca8ff0990 code [0x0000021ca8ff0b20, 0x0000021ca8ff0c18]
Event: 17.159 Thread 0x0000021cbedadfc0 2646       3       org.springframework.beans.factory.support.AbstractBeanDefinition::isLazyInit (23 bytes)
Event: 17.159 Thread 0x0000021cbedadfc0 nmethod 2646 0x0000021ca8ff0c90 code [0x0000021ca8ff0e40, 0x0000021ca8ff1018]
Event: 17.159 Thread 0x0000021cbedadfc0 2647       1       org.springframework.beans.factory.support.AbstractBeanDefinition::setInstanceSupplier (6 bytes)
Event: 17.159 Thread 0x0000021cbedadfc0 nmethod 2647 0x0000021cb0124610 code [0x0000021cb01247a0, 0x0000021cb01248b8]

GC Heap History (6 events):
Event: 7.039 GC heap before
{Heap before GC invocations=0 (full 0):
 garbage-first heap   total 131072K, used 23552K [0x0000000081c00000, 0x0000000100000000)
  region size 1024K, 23 young (23552K), 0 survivors (0K)
 Metaspace       used 5911K, committed 6144K, reserved 1056768K
  class space    used 646K, committed 768K, reserved 1048576K
}
Event: 7.044 GC heap after
{Heap after GC invocations=1 (full 0):
 garbage-first heap   total 131072K, used 6924K [0x0000000081c00000, 0x0000000100000000)
  region size 1024K, 3 young (3072K), 3 survivors (3072K)
 Metaspace       used 5911K, committed 6144K, reserved 1056768K
  class space    used 646K, committed 768K, reserved 1048576K
}
Event: 10.799 GC heap before
{Heap before GC invocations=1 (full 0):
 garbage-first heap   total 131072K, used 31500K [0x0000000081c00000, 0x0000000100000000)
  region size 1024K, 28 young (28672K), 3 survivors (3072K)
 Metaspace       used 12507K, committed 12800K, reserved 1064960K
  class space    used 1444K, committed 1600K, reserved 1048576K
}
Event: 10.803 GC heap after
{Heap after GC invocations=2 (full 0):
 garbage-first heap   total 131072K, used 8668K [0x0000000081c00000, 0x0000000100000000)
  region size 1024K, 2 young (2048K), 2 survivors (2048K)
 Metaspace       used 12507K, committed 12800K, reserved 1064960K
  class space    used 1444K, committed 1600K, reserved 1048576K
}
Event: 16.945 GC heap before
{Heap before GC invocations=2 (full 0):
 garbage-first heap   total 131072K, used 83420K [0x0000000081c00000, 0x0000000100000000)
  region size 1024K, 76 young (77824K), 2 survivors (2048K)
 Metaspace       used 17609K, committed 17856K, reserved 1064960K
  class space    used 2060K, committed 2176K, reserved 1048576K
}
Event: 16.951 GC heap after
{Heap after GC invocations=3 (full 0):
 garbage-first heap   total 131072K, used 10639K [0x0000000081c00000, 0x0000000100000000)
  region size 1024K, 4 young (4096K), 4 survivors (4096K)
 Metaspace       used 17609K, committed 17856K, reserved 1064960K
  class space    used 2060K, committed 2176K, reserved 1048576K
}

Deoptimization events (20 events):
Event: 16.958 Thread 0x0000021c9fb511c0 Uncommon trap: trap_request=0xffffffde fr.pc=0x0000021cb0009044 relative=0x00000000000001a4
Event: 16.958 Thread 0x0000021c9fb511c0 Uncommon trap: reason=class_check action=maybe_recompile pc=0x0000021cb0009044 method=java.lang.String.equals(Ljava/lang/Object;)Z @ 8 c2
Event: 16.958 Thread 0x0000021c9fb511c0 DEOPT PACKING pc=0x0000021cb0009044 sp=0x00000062874fe660
Event: 16.958 Thread 0x0000021c9fb511c0 DEOPT UNPACKING pc=0x0000021ca856d72e sp=0x00000062874fe5f8 mode 2
Event: 16.958 Thread 0x0000021c9fb511c0 Uncommon trap: trap_request=0xffffffde fr.pc=0x0000021cb0009044 relative=0x00000000000001a4
Event: 16.958 Thread 0x0000021c9fb511c0 Uncommon trap: reason=class_check action=maybe_recompile pc=0x0000021cb0009044 method=java.lang.String.equals(Ljava/lang/Object;)Z @ 8 c2
Event: 16.958 Thread 0x0000021c9fb511c0 DEOPT PACKING pc=0x0000021cb0009044 sp=0x00000062874fe660
Event: 16.958 Thread 0x0000021c9fb511c0 DEOPT UNPACKING pc=0x0000021ca856d72e sp=0x00000062874fe5f8 mode 2
Event: 16.959 Thread 0x0000021c9fb511c0 Uncommon trap: trap_request=0xffffffde fr.pc=0x0000021cb0107d08 relative=0x00000000000001e8
Event: 16.960 Thread 0x0000021c9fb511c0 Uncommon trap: reason=class_check action=maybe_recompile pc=0x0000021cb0107d08 method=java.lang.String.equals(Ljava/lang/Object;)Z @ 8 c2
Event: 16.960 Thread 0x0000021c9fb511c0 DEOPT PACKING pc=0x0000021cb0107d08 sp=0x00000062874fe340
Event: 16.960 Thread 0x0000021c9fb511c0 DEOPT UNPACKING pc=0x0000021ca856d72e sp=0x00000062874fe268 mode 2
Event: 16.960 Thread 0x0000021c9fb511c0 Uncommon trap: trap_request=0xffffffde fr.pc=0x0000021cb0009044 relative=0x00000000000001a4
Event: 16.960 Thread 0x0000021c9fb511c0 Uncommon trap: reason=class_check action=maybe_recompile pc=0x0000021cb0009044 method=java.lang.String.equals(Ljava/lang/Object;)Z @ 8 c2
Event: 16.960 Thread 0x0000021c9fb511c0 DEOPT PACKING pc=0x0000021cb0009044 sp=0x00000062874fe2b0
Event: 16.960 Thread 0x0000021c9fb511c0 DEOPT UNPACKING pc=0x0000021ca856d72e sp=0x00000062874fe258 mode 2
Event: 17.074 Thread 0x0000021c9fb511c0 Uncommon trap: trap_request=0xffffff45 fr.pc=0x0000021cb0083bd0 relative=0x0000000000000130
Event: 17.074 Thread 0x0000021c9fb511c0 Uncommon trap: reason=unstable_if action=reinterpret pc=0x0000021cb0083bd0 method=java.util.Arrays.equals([Ljava/lang/Object;[Ljava/lang/Object;)Z @ 44 c2
Event: 17.074 Thread 0x0000021c9fb511c0 DEOPT PACKING pc=0x0000021cb0083bd0 sp=0x00000062874fdca0
Event: 17.074 Thread 0x0000021c9fb511c0 DEOPT UNPACKING pc=0x0000021ca856d72e sp=0x00000062874fdc40 mode 2

Classes unloaded (0 events):
No events

Classes redefined (0 events):
No events

Internal exceptions (20 events):
Event: 11.252 Thread 0x0000021cc01a95a0 Exception <a 'java/lang/NoSuchMethodError'{0x00000000894af648}: 'long java.lang.invoke.DirectMethodHandle$Holder.invokeStaticInit(java.lang.Object, java.lang.Object)'> (0x00000000894af648) 
thrown [c:\wsjdk\correttojdksrc\installers\windows\zip\corretto-build\buildroot\src\hotspot\share\interpreter\linkResolver.cpp, line 790]
Event: 11.254 Thread 0x0000021c9fb511c0 Exception <a 'java/lang/ClassNotFoundException'{0x00000000896ec0a0}: org/springframework/context/annotation/ConfigurationClassPostProcessorCustomizer> (0x00000000896ec0a0) 
thrown [c:\wsjdk\correttojdksrc\installers\windows\zip\corretto-build\buildroot\src\hotspot\share\classfile\systemDictionary.cpp, line 256]
Event: 11.255 Thread 0x0000021cc01a95a0 Exception <a 'java/lang/NoSuchMethodError'{0x00000000894bd560}: 'long java.lang.invoke.DirectMethodHandle$Holder.invokeInterface(java.lang.Object, java.lang.Object)'> (0x00000000894bd560) 
thrown [c:\wsjdk\correttojdksrc\installers\windows\zip\corretto-build\buildroot\src\hotspot\share\interpreter\linkResolver.cpp, line 790]
Event: 11.255 Thread 0x0000021cc01a95a0 Exception <a 'java/lang/IncompatibleClassChangeError'{0x00000000894c0cc0}: Found class java.lang.Object, but interface was expected> (0x00000000894c0cc0) 
thrown [c:\wsjdk\correttojdksrc\installers\windows\zip\corretto-build\buildroot\src\hotspot\share\interpreter\linkResolver.cpp, line 857]
Event: 11.260 Thread 0x0000021c9fb511c0 Exception <a 'java/lang/ClassNotFoundException'{0x00000000893098e8}: org/springframework/beans/factory/support/BeanDefinitionRegistryPostProcessorCustomizer> (0x00000000893098e8) 
thrown [c:\wsjdk\correttojdksrc\installers\windows\zip\corretto-build\buildroot\src\hotspot\share\classfile\systemDictionary.cpp, line 256]
Event: 11.261 Thread 0x0000021c9fb511c0 Exception <a 'java/lang/ClassNotFoundException'{0x000000008930e0c0}: org/springframework/beans/factory/config/BeanFactoryPostProcessorCustomizer> (0x000000008930e0c0) 
thrown [c:\wsjdk\correttojdksrc\installers\windows\zip\corretto-build\buildroot\src\hotspot\share\classfile\systemDictionary.cpp, line 256]
Event: 11.261 Thread 0x0000021c9fb511c0 Exception <a 'java/lang/ClassNotFoundException'{0x0000000089312758}: org/springframework/core/PriorityOrderedCustomizer> (0x0000000089312758) 
thrown [c:\wsjdk\correttojdksrc\installers\windows\zip\corretto-build\buildroot\src\hotspot\share\classfile\systemDictionary.cpp, line 256]
Event: 11.262 Thread 0x0000021c9fb511c0 Exception <a 'java/lang/ClassNotFoundException'{0x0000000089315a58}: org/springframework/core/OrderedCustomizer> (0x0000000089315a58) 
thrown [c:\wsjdk\correttojdksrc\installers\windows\zip\corretto-build\buildroot\src\hotspot\share\classfile\systemDictionary.cpp, line 256]
Event: 11.262 Thread 0x0000021c9fb511c0 Exception <a 'java/lang/ClassNotFoundException'{0x0000000089319f00}: org/springframework/context/ResourceLoaderAwareCustomizer> (0x0000000089319f00) 
thrown [c:\wsjdk\correttojdksrc\installers\windows\zip\corretto-build\buildroot\src\hotspot\share\classfile\systemDictionary.cpp, line 256]
Event: 11.263 Thread 0x0000021c9fb511c0 Exception <a 'java/lang/ClassNotFoundException'{0x000000008931e4f0}: org/springframework/beans/factory/AwareCustomizer> (0x000000008931e4f0) 
thrown [c:\wsjdk\correttojdksrc\installers\windows\zip\corretto-build\buildroot\src\hotspot\share\classfile\systemDictionary.cpp, line 256]
Event: 11.263 Thread 0x0000021c9fb511c0 Exception <a 'java/lang/ClassNotFoundException'{0x0000000089321aa8}: org/springframework/context/ApplicationStartupAwareCustomizer> (0x0000000089321aa8) 
thrown [c:\wsjdk\correttojdksrc\installers\windows\zip\corretto-build\buildroot\src\hotspot\share\classfile\systemDictionary.cpp, line 256]
Event: 11.264 Thread 0x0000021c9fb511c0 Exception <a 'java/lang/ClassNotFoundException'{0x0000000089326310}: org/springframework/beans/factory/AwareCustomizer> (0x0000000089326310) 
thrown [c:\wsjdk\correttojdksrc\installers\windows\zip\corretto-build\buildroot\src\hotspot\share\classfile\systemDictionary.cpp, line 256]
Event: 11.264 Thread 0x0000021c9fb511c0 Exception <a 'java/lang/ClassNotFoundException'{0x00000000893298e0}: org/springframework/beans/factory/BeanClassLoaderAwareCustomizer> (0x00000000893298e0) 
thrown [c:\wsjdk\correttojdksrc\installers\windows\zip\corretto-build\buildroot\src\hotspot\share\classfile\systemDictionary.cpp, line 256]
Event: 11.265 Thread 0x0000021c9fb511c0 Exception <a 'java/lang/ClassNotFoundException'{0x000000008932ed80}: org/springframework/beans/factory/AwareCustomizer> (0x000000008932ed80) 
thrown [c:\wsjdk\correttojdksrc\installers\windows\zip\corretto-build\buildroot\src\hotspot\share\classfile\systemDictionary.cpp, line 256]
Event: 11.265 Thread 0x0000021c9fb511c0 Exception <a 'java/lang/ClassNotFoundException'{0x0000000089332130}: org/springframework/context/EnvironmentAwareCustomizer> (0x0000000089332130) 
thrown [c:\wsjdk\correttojdksrc\installers\windows\zip\corretto-build\buildroot\src\hotspot\share\classfile\systemDictionary.cpp, line 256]
Event: 11.266 Thread 0x0000021c9fb511c0 Exception <a 'java/lang/ClassNotFoundException'{0x00000000893366b0}: org/springframework/beans/factory/AwareCustomizer> (0x00000000893366b0) 
thrown [c:\wsjdk\correttojdksrc\installers\windows\zip\corretto-build\buildroot\src\hotspot\share\classfile\systemDictionary.cpp, line 256]
Event: 11.270 Thread 0x0000021cc01a95a0 Exception <a 'java/lang/NoSuchMethodError'{0x00000000893abe48}: 'java.lang.Object java.lang.invoke.DirectMethodHandle$Holder.invokeVirtual(java.lang.Object, java.lang.Object, java.lang.Object, java.lang.Object)'> (0x00000000893abe48) 
thrown [c:\wsjdk\correttojdksrc\installers\windows\zip\corretto-build\buildroot\src\hotspot\share\interpreter\linkResolver.cpp, line 790]
Event: 11.489 Thread 0x0000021c9fb511c0 Exception <a 'java/lang/NoSuchMethodError'{0x00000000892a8d90}: 'java.lang.Object java.lang.invoke.DirectMethodHandle$Holder.invokeVirtual(java.lang.Object, java.lang.Object, java.lang.Object)'> (0x00000000892a8d90) 
thrown [c:\wsjdk\correttojdksrc\installers\windows\zip\corretto-build\buildroot\src\hotspot\share\interpreter\linkResolver.cpp, line 790]
Event: 15.004 Thread 0x0000021c9fb511c0 Exception <a 'java/lang/IncompatibleClassChangeError'{0x0000000085f3ef08}: Found class java.lang.Object, but interface was expected> (0x0000000085f3ef08) 
thrown [c:\wsjdk\correttojdksrc\installers\windows\zip\corretto-build\buildroot\src\hotspot\share\interpreter\linkResolver.cpp, line 857]
Event: 15.154 Thread 0x0000021c9fb511c0 Exception <a 'java/lang/NoSuchMethodError'{0x0000000085eacad8}: 'void java.lang.invoke.DirectMethodHandle$Holder.invokeInterface(java.lang.Object, java.lang.Object, java.lang.Object, java.lang.Object)'> (0x0000000085eacad8) 
thrown [c:\wsjdk\correttojdksrc\installers\windows\zip\corretto-build\buildroot\src\hotspot\share\interpreter\linkResolver.cpp, line 790]

Events (20 events):
Event: 14.395 Thread 0x0000021cc01aa040 Thread added: 0x0000021cc01aa040
Event: 14.461 loading class javax/naming/ldap/LdapContext
Event: 14.505 Executing  VM operation: Cleanup
Event: 14.565 loading class javax/naming/directory/DirContext
Event: 14.576 loading class javax/naming/directory/DirContext done
Event: 14.576 loading class javax/naming/ldap/LdapContext done
Event: 14.583 Executing  VM operation: Cleanup done
Event: 14.983 Thread 0x0000021cc01aa040 Thread exited: 0x0000021cc01aa040
Event: 15.157 Thread 0x0000021cc0c10030 Thread added: 0x0000021cc0c10030
Event: 15.595 Executing  VM operation: Cleanup
Event: 15.595 Executing  VM operation: Cleanup done
Event: 15.701 Thread 0x0000021cc0c10030 Thread exited: 0x0000021cc0c10030
Event: 16.603 Executing  VM operation: Cleanup
Event: 16.603 Executing  VM operation: Cleanup done
Event: 16.836 Thread 0x0000021cc023f5b0 Thread added: 0x0000021cc023f5b0
Event: 16.872 Executing  VM operation: HandshakeAllThreads
Event: 16.872 Executing  VM operation: HandshakeAllThreads done
Event: 16.945 Executing  VM operation: G1CollectForAllocation
Event: 16.951 Executing  VM operation: G1CollectForAllocation done
Event: 17.068 Thread 0x0000021cc023f5b0 Thread exited: 0x0000021cc023f5b0


Dynamic libraries:
0x00007ff6e27d0000 - 0x00007ff6e27dd000 	C:\Program Files\Amazon Corretto\jdk16.0.2_7\bin\java.exe
0x00007ffa62030000 - 0x00007ffa62225000 	C:\WINDOWS\SYSTEM32\ntdll.dll
0x00007ffa60310000 - 0x00007ffa603ce000 	C:\WINDOWS\System32\KERNEL32.DLL
0x00007ffa5f750000 - 0x00007ffa5fa18000 	C:\WINDOWS\System32\KERNELBASE.dll
0x00007ffa5fd50000 - 0x00007ffa5fe50000 	C:\WINDOWS\System32\ucrtbase.dll
0x00007ffa1fd90000 - 0x00007ffa1fda5000 	C:\Program Files\Amazon Corretto\jdk16.0.2_7\bin\VCRUNTIME140.dll
0x00007ffa2bb90000 - 0x00007ffa2bba8000 	C:\Program Files\Amazon Corretto\jdk16.0.2_7\bin\jli.dll
0x00007ffa61940000 - 0x00007ffa61ae0000 	C:\WINDOWS\System32\USER32.dll
0x00007ffa5fe50000 - 0x00007ffa5fe72000 	C:\WINDOWS\System32\win32u.dll
0x00007ffa4a0d0000 - 0x00007ffa4a36a000 	C:\WINDOWS\WinSxS\amd64_microsoft.windows.common-controls_6595b64144ccf1df_6.0.19041.1110_none_60b5254171f9507e\COMCTL32.dll
0x00007ffa602e0000 - 0x00007ffa6030a000 	C:\WINDOWS\System32\GDI32.dll
0x00007ffa61760000 - 0x00007ffa617fe000 	C:\WINDOWS\System32\msvcrt.dll
0x00007ffa5ff30000 - 0x00007ffa6003b000 	C:\WINDOWS\System32\gdi32full.dll
0x00007ffa5fa50000 - 0x00007ffa5faed000 	C:\WINDOWS\System32\msvcp_win.dll
0x00007ffa603d0000 - 0x00007ffa60400000 	C:\WINDOWS\System32\IMM32.DLL
0x00007ff9e2a70000 - 0x00007ff9e2b0b000 	C:\Program Files\Amazon Corretto\jdk16.0.2_7\bin\msvcp140.dll
0x00007ff9e1e60000 - 0x00007ff9e2a69000 	C:\Program Files\Amazon Corretto\jdk16.0.2_7\bin\server\jvm.dll
0x00007ffa614f0000 - 0x00007ffa6159e000 	C:\WINDOWS\System32\ADVAPI32.dll
0x00007ffa60090000 - 0x00007ffa6012c000 	C:\WINDOWS\System32\sechost.dll
0x00007ffa611a0000 - 0x00007ffa612c5000 	C:\WINDOWS\System32\RPCRT4.dll
0x00007ffa61190000 - 0x00007ffa61198000 	C:\WINDOWS\System32\PSAPI.DLL
0x00007ffa43b40000 - 0x00007ffa43b49000 	C:\WINDOWS\SYSTEM32\WSOCK32.dll
0x00007ffa4d100000 - 0x00007ffa4d127000 	C:\WINDOWS\SYSTEM32\WINMM.dll
0x00007ffa608f0000 - 0x00007ffa6095b000 	C:\WINDOWS\System32\WS2_32.dll
0x00007ffa57350000 - 0x00007ffa5735a000 	C:\WINDOWS\SYSTEM32\VERSION.dll
0x00007ffa5dff0000 - 0x00007ffa5e002000 	C:\WINDOWS\SYSTEM32\kernel.appcore.dll
0x00007ffa2bb80000 - 0x00007ffa2bb8a000 	C:\Program Files\Amazon Corretto\jdk16.0.2_7\bin\jimage.dll
0x00007ffa5b850000 - 0x00007ffa5ba34000 	C:\WINDOWS\SYSTEM32\DBGHELP.DLL
0x00007ffa42220000 - 0x00007ffa4224c000 	C:\WINDOWS\SYSTEM32\dbgcore.DLL
0x00007ffa5faf0000 - 0x00007ffa5fb72000 	C:\WINDOWS\System32\bcryptPrimitives.dll
0x00007ffa50990000 - 0x00007ffa5099e000 	C:\Program Files\Amazon Corretto\jdk16.0.2_7\bin\instrument.dll
0x00007ffa14fa0000 - 0x00007ffa14fc5000 	C:\Program Files\Amazon Corretto\jdk16.0.2_7\bin\java.dll
0x00007ffa60960000 - 0x00007ffa610a4000 	C:\WINDOWS\System32\SHELL32.dll
0x00007ffa5d850000 - 0x00007ffa5dfe4000 	C:\WINDOWS\SYSTEM32\windows.storage.dll
0x00007ffa60520000 - 0x00007ffa60874000 	C:\WINDOWS\System32\combase.dll
0x00007ffa5f1c0000 - 0x00007ffa5f1ec000 	C:\WINDOWS\SYSTEM32\Wldp.dll
0x00007ffa61330000 - 0x00007ffa613dd000 	C:\WINDOWS\System32\SHCORE.dll
0x00007ffa60890000 - 0x00007ffa608e5000 	C:\WINDOWS\System32\shlwapi.dll
0x00007ffa5f690000 - 0x00007ffa5f6af000 	C:\WINDOWS\SYSTEM32\profapi.dll
0x00007ffa1f290000 - 0x00007ffa1f2a8000 	C:\Program Files\Amazon Corretto\jdk16.0.2_7\bin\zip.dll
0x00007ffa1f5a0000 - 0x00007ffa1f5b9000 	C:\Program Files\Amazon Corretto\jdk16.0.2_7\bin\net.dll
0x00007ffa56460000 - 0x00007ffa5656a000 	C:\WINDOWS\SYSTEM32\WINHTTP.dll
0x00007ffa5ef20000 - 0x00007ffa5ef8a000 	C:\WINDOWS\system32\mswsock.dll
0x00007ffa1f470000 - 0x00007ffa1f483000 	C:\Program Files\Amazon Corretto\jdk16.0.2_7\bin\nio.dll
0x00007ffa33a40000 - 0x00007ffa33a5a000 	C:\Program Files\JetBrains\IntelliJ IDEA Community Edition 2022.1\bin\breakgen64.dll
0x00007ffa2bc90000 - 0x00007ffa2bca0000 	C:\Program Files\Amazon Corretto\jdk16.0.2_7\bin\verify.dll
0x00007ffa33a70000 - 0x00007ffa33a79000 	C:\Program Files\Amazon Corretto\jdk16.0.2_7\bin\management.dll
0x00007ffa33a60000 - 0x00007ffa33a6b000 	C:\Program Files\Amazon Corretto\jdk16.0.2_7\bin\management_ext.dll
0x00007ffa41500000 - 0x00007ffa41517000 	C:\WINDOWS\system32\napinsp.dll
0x00007ffa414c0000 - 0x00007ffa414db000 	C:\WINDOWS\system32\pnrpnsp.dll
0x00007ffa5a3a0000 - 0x00007ffa5a3b5000 	C:\WINDOWS\system32\wshbth.dll
0x00007ffa5a720000 - 0x00007ffa5a73d000 	C:\WINDOWS\system32\NLAapi.dll
0x00007ffa5ebc0000 - 0x00007ffa5ebfb000 	C:\WINDOWS\SYSTEM32\IPHLPAPI.DLL
0x00007ffa5ecb0000 - 0x00007ffa5ed7b000 	C:\WINDOWS\SYSTEM32\DNSAPI.dll
0x00007ffa61180000 - 0x00007ffa61188000 	C:\WINDOWS\System32\NSI.dll
0x00007ffa3bb00000 - 0x00007ffa3bb12000 	C:\WINDOWS\System32\winrnr.dll
0x00007ffa58240000 - 0x00007ffa5824a000 	C:\Windows\System32\rasadhlp.dll
0x00007ffa44a20000 - 0x00007ffa44a9f000 	C:\WINDOWS\System32\fwpuclnt.dll
0x00007ffa5fa20000 - 0x00007ffa5fa47000 	C:\WINDOWS\System32\bcrypt.dll

dbghelp: loaded successfully - version: 4.0.5 - missing functions: none
symbol engine: initialized successfully - sym options: 0x614 - pdb path: .;C:\Program Files\Amazon Corretto\jdk16.0.2_7\bin;C:\WINDOWS\SYSTEM32;C:\WINDOWS\WinSxS\amd64_microsoft.windows.common-controls_6595b64144ccf1df_6.0.19041.1110_none_60b5254171f9507e;C:\Program Files\Amazon Corretto\jdk16.0.2_7\bin\server;C:\Program Files\JetBrains\IntelliJ IDEA Community Edition 2022.1\bin

VM Arguments:
jvm_args: -javaagent:C:\Program Files\JetBrains\IntelliJ IDEA Community Edition 2022.1\lib\idea_rt.jar=57814:C:\Program Files\JetBrains\IntelliJ IDEA Community Edition 2022.1\bin -Dfile.encoding=UTF-8 
java_command: com.exam.ExamPortalApplication
java_class_path (initial): C:\Users\mayuri\Desktop\sprint\Group3-CAPG\Group3-CAPG\Examportal\target\classes;C:\Users\mayuri\.m2\repository\org\springframework\boot\spring-boot-starter-data-jpa\2.6.6\spring-boot-starter-data-jpa-2.6.6.jar;C:\Users\mayuri\.m2\repository\org\springframework\boot\spring-boot-starter-aop\2.6.6\spring-boot-starter-aop-2.6.6.jar;C:\Users\mayuri\.m2\repository\org\aspectj\aspectjweaver\1.9.7\aspectjweaver-1.9.7.jar;C:\Users\mayuri\.m2\repository\org\springframework\boot\spring-boot-starter-jdbc\2.6.6\spring-boot-starter-jdbc-2.6.6.jar;C:\Users\mayuri\.m2\repository\com\zaxxer\HikariCP\4.0.3\HikariCP-4.0.3.jar;C:\Users\mayuri\.m2\repository\org\springframework\spring-jdbc\5.3.18\spring-jdbc-5.3.18.jar;C:\Users\mayuri\.m2\repository\jakarta\transaction\jakarta.transaction-api\1.3.3\jakarta.transaction-api-1.3.3.jar;C:\Users\mayuri\.m2\repository\jakarta\persistence\jakarta.persistence-api\2.2.3\jakarta.persistence-api-2.2.3.jar;C:\Users\mayuri\.m2\repository\org\hibernate\hibernate-core\5.6.7.Final\hibernate-core-5.6.7.Final.jar;C:\Users\mayuri\.m2\repository\org\jboss\logging\jboss-logging\3.4.3.Final\jboss-logging-3.4.3.Final.jar;C:\Users\mayuri\.m2\repository\net\bytebuddy\byte-buddy\1.11.22\byte-buddy-1.11.22.jar;C:\Users\mayuri\.m2\repository\antlr\antlr\2.7.7\antlr-2.7.7.jar;C:\Users\mayuri\.m2\repository\org\jboss\jandex\2.4.2.Final\jandex-2.4.2.Final.jar;C:\Users\mayuri\.m2\repository\com\fasterxml\classmate\1.5.1\classmate-1.5.1.jar;C:\Users\mayuri\.m2\repository\org\hibernate\common\hibernate-commons-annotations\5.1.2.Final\hibernate-commons-annotations-5.1.2.Final.jar;C:\Users\mayuri\.m2\repository\org\glassfish\jaxb\jaxb-runtime\2.3.6\jaxb-runtime-2.3.6.jar;C:\Users\mayuri\.m2\repository\org\glassfish\jaxb\txw2\2.3.6\txw2-2.3.6.jar;C:\Users\mayuri\.m2\repository\com\sun\istack\istack-commons-runtime\3.0.12\istack-commons-runtime-3.0.12.jar;C:\Users\mayuri\.m2\repository\com\sun\activation\jakarta.activation\1.2.2\jakarta.activat
Launcher Type: SUN_STANDARD

[Global flags]
     intx CICompilerCount                          = 4                                         {product} {ergonomic}
     uint ConcGCThreads                            = 2                                         {product} {ergonomic}
     uint G1ConcRefinementThreads                  = 8                                         {product} {ergonomic}
   size_t G1HeapRegionSize                         = 1048576                                   {product} {ergonomic}
    uintx GCDrainStackTargetSize                   = 64                                        {product} {ergonomic}
   size_t InitialHeapSize                          = 134217728                                 {product} {ergonomic}
   size_t MarkStackSize                            = 4194304                                   {product} {ergonomic}
   size_t MaxHeapSize                              = 2118123520                                {product} {ergonomic}
   size_t MaxNewSize                               = 1270874112                                {product} {ergonomic}
   size_t MinHeapDeltaBytes                        = 1048576                                   {product} {ergonomic}
   size_t MinHeapSize                              = 8388608                                   {product} {ergonomic}
    uintx NonNMethodCodeHeapSize                   = 5839372                                {pd product} {ergonomic}
    uintx NonProfiledCodeHeapSize                  = 122909434                              {pd product} {ergonomic}
    uintx ProfiledCodeHeapSize                     = 122909434                              {pd product} {ergonomic}
    uintx ReservedCodeCacheSize                    = 251658240                              {pd product} {ergonomic}
     bool SegmentedCodeCache                       = true                                      {product} {ergonomic}
   size_t SoftMaxHeapSize                          = 2118123520                             {manageable} {ergonomic}
     bool UseCompressedClassPointers               = true                           {product lp64_product} {ergonomic}
     bool UseCompressedOops                        = true                           {product lp64_product} {ergonomic}
     bool UseG1GC                                  = true                                      {product} {ergonomic}
     bool UseLargePagesIndividualAllocation        = false                                  {pd product} {ergonomic}

Logging:
Log output configuration:
 #0: stdout all=warning uptime,level,tags
 #1: stderr all=off uptime,level,tags

Environment Variables:
JAVA_HOME=C:\Program Files\Amazon Corretto\jdk16.0.2_7
PATH=C:\Program Files\NVIDIA GPU Computing Toolkit\CUDA\v11.6\bin;C:\Program Files\NVIDIA GPU Computing Toolkit\CUDA\v11.6\libnvvp;C:\Program Files\Amazon Corretto\jdk16.0.2_7\bin;C:\Program Files\Common Files\Oracle\Java\javapath;C:\Program Files (x86)\Common Files\Oracle\Java\javapath;C:\WINDOWS\system32;C:\WINDOWS;C:\WINDOWS\System32\Wbem;C:\WINDOWS\System32\WindowsPowerShell\v1.0\;C:\WINDOWS\System32\OpenSSH\;C:\Program Files\Git\cmd;C:\Users\mayuri\OneDrive\Desktop\maven\apache-maven-3.8.5-bin\apache-maven-3.8.5\bin;C:\Program Files (x86)\NVIDIA Corporation\PhysX\Common;C:\Program Files\NVIDIA Corporation\NVIDIA NvDLISR;C:\Program Files\MySQL\MySQL Server 8.0\bin\mysql.exe;C:\Users\mayuri\AppData\Roaming\nvm;C:\Program Files\nodejs;C:\Users\mayuri\AppData\Local\Programs\Python\Python310\Scripts\;C:\Users\mayuri\AppData\Local\Programs\Python\Python310\;C:\Program Files\MySQL\MySQL Shell 8.0\bin\;C:\Users\mayuri\AppData\Local\Programs\Python\Python39\Scripts\;C:\Users\mayuri\AppData\Local\Programs\Python\Python39\;C:\Users\mayuri\AppData\Local\Microsoft\WindowsApps;C:\Program Files\JetBrains\IntelliJ IDEA Community Edition 2022.1\bin;;C:\Program Files\JetBrains\PyCharm Community Edition 2021.3.3\bin;;C:\Users\mayuri\AppData\Local\Programs\Microsoft VS Code\bin;C:\Users\mayuri\AppData\Roaming\npm;C:\Users\mayuri\AppData\Roaming\nvm;C:\Program Files\nodejs
USERNAME=mayuri
OS=Windows_NT
PROCESSOR_IDENTIFIER=Intel64 Family 6 Model 142 Stepping 10, GenuineIntel



---------------  S Y S T E M  ---------------

OS:
 Windows 10 , 64 bit Build 19041 (10.0.19041.1645)
OS uptime: 0 days 9:23 hours

CPU: total 8 (initial active 8) (4 cores per cpu, 2 threads per core) family 6 model 142 stepping 10 microcode 0xb4, cx8, cmov, fxsr, ht, mmx, 3dnowpref, sse, sse2, sse3, ssse3, sse4.1, sse4.2, popcnt, lzcnt, tsc, tscinvbit, avx, avx2, aes, erms, clmul, bmi1, bmi2, adx, fma, vzeroupper, clflush, clflushopt

Memory: 4k page, system-wide physical 8078M (408M free)
TotalPageFile size 9983M (AvailPageFile size 5M)
current process WorkingSet (physical memory assigned to process): 163M, peak: 163M
current process commit charge ("private bytes"): 250M, peak: 256M

vm_info: OpenJDK 64-Bit Server VM (16.0.2+7) for windows-amd64 JRE (16.0.2+7), built on Jul 22 2021 01:11:46 by "Administrator" with MS VC++ 15.9 (VS2017)

END.
